[Wed, 07 Oct 2015 23:00:43][DEBUG][localhost]init SupervisorRPC, url: http://admin:admin@127.0.0.1:9001/RPC2
[Wed, 07 Oct 2015 23:00:43][DEBUG][localhost]-----------refresh rst begin------------
[Wed, 07 Oct 2015 23:00:43][DEBUG][localhost] {'statename': 'RUNNING', 'statecode': 1}
[Wed, 07 Oct 2015 23:00:43][DEBUG][localhost] [{'now': 1444230043, 'group': 'test1', 'description': 'Oct 07 11:00 PM', 'pid': 0, 'stderr_logfile': '/tmp/test1-stderr---supervisor-IeyMlh.log', 'stop': 1444230033, 'statename': 'STOPPED', 'start': 1444230022, 'state': 0, 'stdout_logfile': '/tmp/test1-stdout---supervisor-miyWhD.log', 'logfile': '/tmp/test1-stdout---supervisor-miyWhD.log', 'exitstatus': -1, 'spawnerr': '', 'name': 'test1'}, {'now': 1444230043, 'group': 'test2', 'description': 'pid 27765, uptime 0:12:57', 'pid': 27765, 'stderr_logfile': '/tmp/test2-stderr---supervisor-47YBE9.log', 'stop': 0, 'statename': 'RUNNING', 'start': 1444229266, 'state': 20, 'stdout_logfile': '/tmp/test2-stdout---supervisor-OTZdjC.log', 'logfile': '/tmp/test2-stdout---supervisor-OTZdjC.log', 'exitstatus': 0, 'spawnerr': '', 'name': 'test2'}]
[Wed, 07 Oct 2015 23:00:43][DEBUG][localhost]-----------refresh rst end--------------
[Wed, 07 Oct 2015 23:00:43][DEBUG][localhost2]init SupervisorRPC, url: http://admin:admin@127.0.0.1:9001/RPC2
[Wed, 07 Oct 2015 23:00:43][DEBUG][localhost2]-----------refresh rst begin------------
[Wed, 07 Oct 2015 23:00:43][DEBUG][localhost2] {'statename': 'RUNNING', 'statecode': 1}
[Wed, 07 Oct 2015 23:00:43][DEBUG][localhost2] [{'now': 1444230043, 'group': 'test1', 'description': 'Oct 07 11:00 PM', 'pid': 0, 'stderr_logfile': '/tmp/test1-stderr---supervisor-IeyMlh.log', 'stop': 1444230033, 'statename': 'STOPPED', 'start': 1444230022, 'state': 0, 'stdout_logfile': '/tmp/test1-stdout---supervisor-miyWhD.log', 'logfile': '/tmp/test1-stdout---supervisor-miyWhD.log', 'exitstatus': -1, 'spawnerr': '', 'name': 'test1'}, {'now': 1444230043, 'group': 'test2', 'description': 'pid 27765, uptime 0:12:57', 'pid': 27765, 'stderr_logfile': '/tmp/test2-stderr---supervisor-47YBE9.log', 'stop': 0, 'statename': 'RUNNING', 'start': 1444229266, 'state': 20, 'stdout_logfile': '/tmp/test2-stdout---supervisor-OTZdjC.log', 'logfile': '/tmp/test2-stdout---supervisor-OTZdjC.log', 'exitstatus': 0, 'spawnerr': '', 'name': 'test2'}]
[Wed, 07 Oct 2015 23:00:43][DEBUG][localhost2]-----------refresh rst end--------------
[Wed, 07 Oct 2015 23:00:43][DEBUG][localhost]-----------refresh rst begin------------
[Wed, 07 Oct 2015 23:00:43][DEBUG][localhost] {'statename': 'RUNNING', 'statecode': 1}
[Wed, 07 Oct 2015 23:00:43][DEBUG][localhost] [{'now': 1444230043, 'group': 'test1', 'description': 'Oct 07 11:00 PM', 'pid': 0, 'stderr_logfile': '/tmp/test1-stderr---supervisor-IeyMlh.log', 'stop': 1444230033, 'statename': 'STOPPED', 'start': 1444230022, 'state': 0, 'stdout_logfile': '/tmp/test1-stdout---supervisor-miyWhD.log', 'logfile': '/tmp/test1-stdout---supervisor-miyWhD.log', 'exitstatus': -1, 'spawnerr': '', 'name': 'test1'}, {'now': 1444230043, 'group': 'test2', 'description': 'pid 27765, uptime 0:12:57', 'pid': 27765, 'stderr_logfile': '/tmp/test2-stderr---supervisor-47YBE9.log', 'stop': 0, 'statename': 'RUNNING', 'start': 1444229266, 'state': 20, 'stdout_logfile': '/tmp/test2-stdout---supervisor-OTZdjC.log', 'logfile': '/tmp/test2-stdout---supervisor-OTZdjC.log', 'exitstatus': 0, 'spawnerr': '', 'name': 'test2'}]
[Wed, 07 Oct 2015 23:00:43][DEBUG][localhost]-----------refresh rst end--------------
[Wed, 07 Oct 2015 23:00:43][INFO][localhost:process:test1] statecode: 0
[Wed, 07 Oct 2015 23:00:43][DEBUG][localhost2]-----------refresh rst begin------------
[Wed, 07 Oct 2015 23:00:43][DEBUG][localhost2] {'statename': 'RUNNING', 'statecode': 1}
[Wed, 07 Oct 2015 23:00:43][DEBUG][localhost2] [{'now': 1444230043, 'group': 'test1', 'description': 'Oct 07 11:00 PM', 'pid': 0, 'stderr_logfile': '/tmp/test1-stderr---supervisor-IeyMlh.log', 'stop': 1444230033, 'statename': 'STOPPED', 'start': 1444230022, 'state': 0, 'stdout_logfile': '/tmp/test1-stdout---supervisor-miyWhD.log', 'logfile': '/tmp/test1-stdout---supervisor-miyWhD.log', 'exitstatus': -1, 'spawnerr': '', 'name': 'test1'}, {'now': 1444230043, 'group': 'test2', 'description': 'pid 27765, uptime 0:12:57', 'pid': 27765, 'stderr_logfile': '/tmp/test2-stderr---supervisor-47YBE9.log', 'stop': 0, 'statename': 'RUNNING', 'start': 1444229266, 'state': 20, 'stdout_logfile': '/tmp/test2-stdout---supervisor-OTZdjC.log', 'logfile': '/tmp/test2-stdout---supervisor-OTZdjC.log', 'exitstatus': 0, 'spawnerr': '', 'name': 'test2'}]
[Wed, 07 Oct 2015 23:00:43][DEBUG][localhost2]-----------refresh rst end--------------
[Wed, 07 Oct 2015 23:00:43][INFO][localhost2:process:test1] statecode: 0
[Wed, 07 Oct 2015 23:00:43][WARNING][localhost-localhost2], test1 is stoped in master and slave,                     try to start slave
[Wed, 07 Oct 2015 23:00:43][INFO][localhost2]start_process: test1
[Wed, 07 Oct 2015 23:00:44][DEBUG][localhost2]-----------refresh rst begin------------
[Wed, 07 Oct 2015 23:00:44][DEBUG][localhost2] {'statename': 'RUNNING', 'statecode': 1}
[Wed, 07 Oct 2015 23:00:44][DEBUG][localhost2] [{'now': 1444230044, 'group': 'test1', 'description': 'pid 28708, uptime 0:00:01', 'pid': 28708, 'stderr_logfile': '/tmp/test1-stderr---supervisor-IeyMlh.log', 'stop': 1444230033, 'statename': 'RUNNING', 'start': 1444230043, 'state': 20, 'stdout_logfile': '/tmp/test1-stdout---supervisor-miyWhD.log', 'logfile': '/tmp/test1-stdout---supervisor-miyWhD.log', 'exitstatus': 0, 'spawnerr': '', 'name': 'test1'}, {'now': 1444230044, 'group': 'test2', 'description': 'pid 27765, uptime 0:12:58', 'pid': 27765, 'stderr_logfile': '/tmp/test2-stderr---supervisor-47YBE9.log', 'stop': 0, 'statename': 'RUNNING', 'start': 1444229266, 'state': 20, 'stdout_logfile': '/tmp/test2-stdout---supervisor-OTZdjC.log', 'logfile': '/tmp/test2-stdout---supervisor-OTZdjC.log', 'exitstatus': 0, 'spawnerr': '', 'name': 'test2'}]
[Wed, 07 Oct 2015 23:00:44][DEBUG][localhost2]-----------refresh rst end--------------
[Wed, 07 Oct 2015 23:00:54][DEBUG][localhost]-----------refresh rst begin------------
[Wed, 07 Oct 2015 23:00:54][DEBUG][localhost] {'statename': 'RUNNING', 'statecode': 1}
[Wed, 07 Oct 2015 23:00:54][DEBUG][localhost] [{'now': 1444230054, 'group': 'test1', 'description': 'pid 28708, uptime 0:00:11', 'pid': 28708, 'stderr_logfile': '/tmp/test1-stderr---supervisor-IeyMlh.log', 'stop': 1444230033, 'statename': 'RUNNING', 'start': 1444230043, 'state': 20, 'stdout_logfile': '/tmp/test1-stdout---supervisor-miyWhD.log', 'logfile': '/tmp/test1-stdout---supervisor-miyWhD.log', 'exitstatus': 0, 'spawnerr': '', 'name': 'test1'}, {'now': 1444230054, 'group': 'test2', 'description': 'pid 27765, uptime 0:13:08', 'pid': 27765, 'stderr_logfile': '/tmp/test2-stderr---supervisor-47YBE9.log', 'stop': 0, 'statename': 'RUNNING', 'start': 1444229266, 'state': 20, 'stdout_logfile': '/tmp/test2-stdout---supervisor-OTZdjC.log', 'logfile': '/tmp/test2-stdout---supervisor-OTZdjC.log', 'exitstatus': 0, 'spawnerr': '', 'name': 'test2'}]
[Wed, 07 Oct 2015 23:00:54][DEBUG][localhost]-----------refresh rst end--------------
[Wed, 07 Oct 2015 23:00:54][INFO][localhost:process:test1] statecode: 20
[Wed, 07 Oct 2015 23:00:54][DEBUG][localhost2]-----------refresh rst begin------------
[Wed, 07 Oct 2015 23:00:54][DEBUG][localhost2] {'statename': 'RUNNING', 'statecode': 1}
[Wed, 07 Oct 2015 23:00:54][DEBUG][localhost2] [{'now': 1444230054, 'group': 'test1', 'description': 'pid 28708, uptime 0:00:11', 'pid': 28708, 'stderr_logfile': '/tmp/test1-stderr---supervisor-IeyMlh.log', 'stop': 1444230033, 'statename': 'RUNNING', 'start': 1444230043, 'state': 20, 'stdout_logfile': '/tmp/test1-stdout---supervisor-miyWhD.log', 'logfile': '/tmp/test1-stdout---supervisor-miyWhD.log', 'exitstatus': 0, 'spawnerr': '', 'name': 'test1'}, {'now': 1444230054, 'group': 'test2', 'description': 'pid 27765, uptime 0:13:08', 'pid': 27765, 'stderr_logfile': '/tmp/test2-stderr---supervisor-47YBE9.log', 'stop': 0, 'statename': 'RUNNING', 'start': 1444229266, 'state': 20, 'stdout_logfile': '/tmp/test2-stdout---supervisor-OTZdjC.log', 'logfile': '/tmp/test2-stdout---supervisor-OTZdjC.log', 'exitstatus': 0, 'spawnerr': '', 'name': 'test2'}]
[Wed, 07 Oct 2015 23:00:54][DEBUG][localhost2]-----------refresh rst end--------------
[Wed, 07 Oct 2015 23:00:54][INFO][localhost2:process:test1] statecode: 20
[Wed, 07 Oct 2015 23:00:54][WARNING][localhost-localhost2], test1 is running in master and slave,                     try to stop slave
[Wed, 07 Oct 2015 23:00:54][INFO][localhost2]stop_process: test1
[Wed, 07 Oct 2015 23:00:54][DEBUG][localhost2]-----------refresh rst begin------------
[Wed, 07 Oct 2015 23:00:54][DEBUG][localhost2] {'statename': 'RUNNING', 'statecode': 1}
[Wed, 07 Oct 2015 23:00:54][DEBUG][localhost2] [{'now': 1444230054, 'group': 'test1', 'description': 'Oct 07 11:00 PM', 'pid': 0, 'stderr_logfile': '/tmp/test1-stderr---supervisor-IeyMlh.log', 'stop': 1444230054, 'statename': 'STOPPED', 'start': 1444230043, 'state': 0, 'stdout_logfile': '/tmp/test1-stdout---supervisor-miyWhD.log', 'logfile': '/tmp/test1-stdout---supervisor-miyWhD.log', 'exitstatus': -1, 'spawnerr': '', 'name': 'test1'}, {'now': 1444230054, 'group': 'test2', 'description': 'pid 27765, uptime 0:13:08', 'pid': 27765, 'stderr_logfile': '/tmp/test2-stderr---supervisor-47YBE9.log', 'stop': 0, 'statename': 'RUNNING', 'start': 1444229266, 'state': 20, 'stdout_logfile': '/tmp/test2-stdout---supervisor-OTZdjC.log', 'logfile': '/tmp/test2-stdout---supervisor-OTZdjC.log', 'exitstatus': 0, 'spawnerr': '', 'name': 'test2'}]
[Wed, 07 Oct 2015 23:00:54][DEBUG][localhost2]-----------refresh rst end--------------
[Wed, 07 Oct 2015 23:01:04][DEBUG][localhost]-----------refresh rst begin------------
[Wed, 07 Oct 2015 23:01:04][DEBUG][localhost] {'statename': 'RUNNING', 'statecode': 1}
[Wed, 07 Oct 2015 23:01:04][DEBUG][localhost] [{'now': 1444230064, 'group': 'test1', 'description': 'Oct 07 11:00 PM', 'pid': 0, 'stderr_logfile': '/tmp/test1-stderr---supervisor-IeyMlh.log', 'stop': 1444230054, 'statename': 'STOPPED', 'start': 1444230043, 'state': 0, 'stdout_logfile': '/tmp/test1-stdout---supervisor-miyWhD.log', 'logfile': '/tmp/test1-stdout---supervisor-miyWhD.log', 'exitstatus': -1, 'spawnerr': '', 'name': 'test1'}, {'now': 1444230064, 'group': 'test2', 'description': 'pid 27765, uptime 0:13:18', 'pid': 27765, 'stderr_logfile': '/tmp/test2-stderr---supervisor-47YBE9.log', 'stop': 0, 'statename': 'RUNNING', 'start': 1444229266, 'state': 20, 'stdout_logfile': '/tmp/test2-stdout---supervisor-OTZdjC.log', 'logfile': '/tmp/test2-stdout---supervisor-OTZdjC.log', 'exitstatus': 0, 'spawnerr': '', 'name': 'test2'}]
[Wed, 07 Oct 2015 23:01:04][DEBUG][localhost]-----------refresh rst end--------------
[Wed, 07 Oct 2015 23:01:04][INFO][localhost:process:test1] statecode: 0
[Wed, 07 Oct 2015 23:01:04][DEBUG][localhost2]-----------refresh rst begin------------
[Wed, 07 Oct 2015 23:01:04][DEBUG][localhost2] {'statename': 'RUNNING', 'statecode': 1}
[Wed, 07 Oct 2015 23:01:04][DEBUG][localhost2] [{'now': 1444230064, 'group': 'test1', 'description': 'Oct 07 11:00 PM', 'pid': 0, 'stderr_logfile': '/tmp/test1-stderr---supervisor-IeyMlh.log', 'stop': 1444230054, 'statename': 'STOPPED', 'start': 1444230043, 'state': 0, 'stdout_logfile': '/tmp/test1-stdout---supervisor-miyWhD.log', 'logfile': '/tmp/test1-stdout---supervisor-miyWhD.log', 'exitstatus': -1, 'spawnerr': '', 'name': 'test1'}, {'now': 1444230064, 'group': 'test2', 'description': 'pid 27765, uptime 0:13:18', 'pid': 27765, 'stderr_logfile': '/tmp/test2-stderr---supervisor-47YBE9.log', 'stop': 0, 'statename': 'RUNNING', 'start': 1444229266, 'state': 20, 'stdout_logfile': '/tmp/test2-stdout---supervisor-OTZdjC.log', 'logfile': '/tmp/test2-stdout---supervisor-OTZdjC.log', 'exitstatus': 0, 'spawnerr': '', 'name': 'test2'}]
[Wed, 07 Oct 2015 23:01:04][DEBUG][localhost2]-----------refresh rst end--------------
[Wed, 07 Oct 2015 23:01:04][INFO][localhost2:process:test1] statecode: 0
[Wed, 07 Oct 2015 23:01:04][WARNING][localhost-localhost2], test1 is stoped in master and slave,                     try to start slave
[Wed, 07 Oct 2015 23:01:04][INFO][localhost2]start_process: test1
[Wed, 07 Oct 2015 23:01:05][DEBUG][localhost2]-----------refresh rst begin------------
[Wed, 07 Oct 2015 23:01:05][DEBUG][localhost2] {'statename': 'RUNNING', 'statecode': 1}
[Wed, 07 Oct 2015 23:01:05][DEBUG][localhost2] [{'now': 1444230065, 'group': 'test1', 'description': 'pid 28710, uptime 0:00:01', 'pid': 28710, 'stderr_logfile': '/tmp/test1-stderr---supervisor-IeyMlh.log', 'stop': 1444230054, 'statename': 'RUNNING', 'start': 1444230064, 'state': 20, 'stdout_logfile': '/tmp/test1-stdout---supervisor-miyWhD.log', 'logfile': '/tmp/test1-stdout---supervisor-miyWhD.log', 'exitstatus': 0, 'spawnerr': '', 'name': 'test1'}, {'now': 1444230065, 'group': 'test2', 'description': 'pid 27765, uptime 0:13:19', 'pid': 27765, 'stderr_logfile': '/tmp/test2-stderr---supervisor-47YBE9.log', 'stop': 0, 'statename': 'RUNNING', 'start': 1444229266, 'state': 20, 'stdout_logfile': '/tmp/test2-stdout---supervisor-OTZdjC.log', 'logfile': '/tmp/test2-stdout---supervisor-OTZdjC.log', 'exitstatus': 0, 'spawnerr': '', 'name': 'test2'}]
[Wed, 07 Oct 2015 23:01:05][DEBUG][localhost2]-----------refresh rst end--------------
[Wed, 07 Oct 2015 23:01:15][DEBUG][localhost]-----------refresh rst begin------------
[Wed, 07 Oct 2015 23:01:15][DEBUG][localhost] {'statename': 'RUNNING', 'statecode': 1}
[Wed, 07 Oct 2015 23:01:15][DEBUG][localhost] [{'now': 1444230075, 'group': 'test1', 'description': 'pid 28710, uptime 0:00:11', 'pid': 28710, 'stderr_logfile': '/tmp/test1-stderr---supervisor-IeyMlh.log', 'stop': 1444230054, 'statename': 'RUNNING', 'start': 1444230064, 'state': 20, 'stdout_logfile': '/tmp/test1-stdout---supervisor-miyWhD.log', 'logfile': '/tmp/test1-stdout---supervisor-miyWhD.log', 'exitstatus': 0, 'spawnerr': '', 'name': 'test1'}, {'now': 1444230075, 'group': 'test2', 'description': 'pid 27765, uptime 0:13:29', 'pid': 27765, 'stderr_logfile': '/tmp/test2-stderr---supervisor-47YBE9.log', 'stop': 0, 'statename': 'RUNNING', 'start': 1444229266, 'state': 20, 'stdout_logfile': '/tmp/test2-stdout---supervisor-OTZdjC.log', 'logfile': '/tmp/test2-stdout---supervisor-OTZdjC.log', 'exitstatus': 0, 'spawnerr': '', 'name': 'test2'}]
[Wed, 07 Oct 2015 23:01:15][DEBUG][localhost]-----------refresh rst end--------------
[Wed, 07 Oct 2015 23:01:15][INFO][localhost:process:test1] statecode: 20
[Wed, 07 Oct 2015 23:01:15][DEBUG][localhost2]-----------refresh rst begin------------
[Wed, 07 Oct 2015 23:01:15][DEBUG][localhost2] {'statename': 'RUNNING', 'statecode': 1}
[Wed, 07 Oct 2015 23:01:15][DEBUG][localhost2] [{'now': 1444230075, 'group': 'test1', 'description': 'pid 28710, uptime 0:00:11', 'pid': 28710, 'stderr_logfile': '/tmp/test1-stderr---supervisor-IeyMlh.log', 'stop': 1444230054, 'statename': 'RUNNING', 'start': 1444230064, 'state': 20, 'stdout_logfile': '/tmp/test1-stdout---supervisor-miyWhD.log', 'logfile': '/tmp/test1-stdout---supervisor-miyWhD.log', 'exitstatus': 0, 'spawnerr': '', 'name': 'test1'}, {'now': 1444230075, 'group': 'test2', 'description': 'pid 27765, uptime 0:13:29', 'pid': 27765, 'stderr_logfile': '/tmp/test2-stderr---supervisor-47YBE9.log', 'stop': 0, 'statename': 'RUNNING', 'start': 1444229266, 'state': 20, 'stdout_logfile': '/tmp/test2-stdout---supervisor-OTZdjC.log', 'logfile': '/tmp/test2-stdout---supervisor-OTZdjC.log', 'exitstatus': 0, 'spawnerr': '', 'name': 'test2'}]
[Wed, 07 Oct 2015 23:01:15][DEBUG][localhost2]-----------refresh rst end--------------
[Wed, 07 Oct 2015 23:01:15][INFO][localhost2:process:test1] statecode: 20
[Wed, 07 Oct 2015 23:01:15][WARNING][localhost-localhost2], test1 is running in master and slave,                     try to stop slave
[Wed, 07 Oct 2015 23:01:15][INFO][localhost2]stop_process: test1
[Wed, 07 Oct 2015 23:01:15][DEBUG][localhost2]-----------refresh rst begin------------
[Wed, 07 Oct 2015 23:01:15][DEBUG][localhost2] {'statename': 'RUNNING', 'statecode': 1}
[Wed, 07 Oct 2015 23:01:15][DEBUG][localhost2] [{'now': 1444230075, 'group': 'test1', 'description': 'Oct 07 11:01 PM', 'pid': 0, 'stderr_logfile': '/tmp/test1-stderr---supervisor-IeyMlh.log', 'stop': 1444230075, 'statename': 'STOPPED', 'start': 1444230064, 'state': 0, 'stdout_logfile': '/tmp/test1-stdout---supervisor-miyWhD.log', 'logfile': '/tmp/test1-stdout---supervisor-miyWhD.log', 'exitstatus': -1, 'spawnerr': '', 'name': 'test1'}, {'now': 1444230075, 'group': 'test2', 'description': 'pid 27765, uptime 0:13:29', 'pid': 27765, 'stderr_logfile': '/tmp/test2-stderr---supervisor-47YBE9.log', 'stop': 0, 'statename': 'RUNNING', 'start': 1444229266, 'state': 20, 'stdout_logfile': '/tmp/test2-stdout---supervisor-OTZdjC.log', 'logfile': '/tmp/test2-stdout---supervisor-OTZdjC.log', 'exitstatus': 0, 'spawnerr': '', 'name': 'test2'}]
[Wed, 07 Oct 2015 23:01:15][DEBUG][localhost2]-----------refresh rst end--------------
[Wed, 07 Oct 2015 23:01:25][DEBUG][localhost]-----------refresh rst begin------------
[Wed, 07 Oct 2015 23:01:25][DEBUG][localhost] {'statename': 'RUNNING', 'statecode': 1}
[Wed, 07 Oct 2015 23:01:25][DEBUG][localhost] [{'now': 1444230085, 'group': 'test1', 'description': 'Oct 07 11:01 PM', 'pid': 0, 'stderr_logfile': '/tmp/test1-stderr---supervisor-IeyMlh.log', 'stop': 1444230075, 'statename': 'STOPPED', 'start': 1444230064, 'state': 0, 'stdout_logfile': '/tmp/test1-stdout---supervisor-miyWhD.log', 'logfile': '/tmp/test1-stdout---supervisor-miyWhD.log', 'exitstatus': -1, 'spawnerr': '', 'name': 'test1'}, {'now': 1444230085, 'group': 'test2', 'description': 'pid 27765, uptime 0:13:39', 'pid': 27765, 'stderr_logfile': '/tmp/test2-stderr---supervisor-47YBE9.log', 'stop': 0, 'statename': 'RUNNING', 'start': 1444229266, 'state': 20, 'stdout_logfile': '/tmp/test2-stdout---supervisor-OTZdjC.log', 'logfile': '/tmp/test2-stdout---supervisor-OTZdjC.log', 'exitstatus': 0, 'spawnerr': '', 'name': 'test2'}]
[Wed, 07 Oct 2015 23:01:25][DEBUG][localhost]-----------refresh rst end--------------
[Wed, 07 Oct 2015 23:01:25][INFO][localhost:process:test1] statecode: 0
[Wed, 07 Oct 2015 23:01:25][DEBUG][localhost2]-----------refresh rst begin------------
[Wed, 07 Oct 2015 23:01:25][DEBUG][localhost2] {'statename': 'RUNNING', 'statecode': 1}
[Wed, 07 Oct 2015 23:01:25][DEBUG][localhost2] [{'now': 1444230085, 'group': 'test1', 'description': 'Oct 07 11:01 PM', 'pid': 0, 'stderr_logfile': '/tmp/test1-stderr---supervisor-IeyMlh.log', 'stop': 1444230075, 'statename': 'STOPPED', 'start': 1444230064, 'state': 0, 'stdout_logfile': '/tmp/test1-stdout---supervisor-miyWhD.log', 'logfile': '/tmp/test1-stdout---supervisor-miyWhD.log', 'exitstatus': -1, 'spawnerr': '', 'name': 'test1'}, {'now': 1444230085, 'group': 'test2', 'description': 'pid 27765, uptime 0:13:39', 'pid': 27765, 'stderr_logfile': '/tmp/test2-stderr---supervisor-47YBE9.log', 'stop': 0, 'statename': 'RUNNING', 'start': 1444229266, 'state': 20, 'stdout_logfile': '/tmp/test2-stdout---supervisor-OTZdjC.log', 'logfile': '/tmp/test2-stdout---supervisor-OTZdjC.log', 'exitstatus': 0, 'spawnerr': '', 'name': 'test2'}]
[Wed, 07 Oct 2015 23:01:25][DEBUG][localhost2]-----------refresh rst end--------------
[Wed, 07 Oct 2015 23:01:25][INFO][localhost2:process:test1] statecode: 0
[Wed, 07 Oct 2015 23:01:25][WARNING][localhost-localhost2], test1 is stoped in master and slave,                     try to start slave
[Wed, 07 Oct 2015 23:01:25][INFO][localhost2]start_process: test1
[Wed, 07 Oct 2015 23:01:26][DEBUG][localhost2]-----------refresh rst begin------------
[Wed, 07 Oct 2015 23:01:26][DEBUG][localhost2] {'statename': 'RUNNING', 'statecode': 1}
[Wed, 07 Oct 2015 23:01:26][DEBUG][localhost2] [{'now': 1444230086, 'group': 'test1', 'description': 'pid 28773, uptime 0:00:01', 'pid': 28773, 'stderr_logfile': '/tmp/test1-stderr---supervisor-IeyMlh.log', 'stop': 1444230075, 'statename': 'RUNNING', 'start': 1444230085, 'state': 20, 'stdout_logfile': '/tmp/test1-stdout---supervisor-miyWhD.log', 'logfile': '/tmp/test1-stdout---supervisor-miyWhD.log', 'exitstatus': 0, 'spawnerr': '', 'name': 'test1'}, {'now': 1444230086, 'group': 'test2', 'description': 'pid 27765, uptime 0:13:40', 'pid': 27765, 'stderr_logfile': '/tmp/test2-stderr---supervisor-47YBE9.log', 'stop': 0, 'statename': 'RUNNING', 'start': 1444229266, 'state': 20, 'stdout_logfile': '/tmp/test2-stdout---supervisor-OTZdjC.log', 'logfile': '/tmp/test2-stdout---supervisor-OTZdjC.log', 'exitstatus': 0, 'spawnerr': '', 'name': 'test2'}]
[Wed, 07 Oct 2015 23:01:26][DEBUG][localhost2]-----------refresh rst end--------------
[Wed, 07 Oct 2015 23:01:36][DEBUG][localhost]-----------refresh rst begin------------
[Wed, 07 Oct 2015 23:01:36][DEBUG][localhost] {'statename': 'RUNNING', 'statecode': 1}
[Wed, 07 Oct 2015 23:01:36][DEBUG][localhost] [{'now': 1444230096, 'group': 'test1', 'description': 'pid 28773, uptime 0:00:11', 'pid': 28773, 'stderr_logfile': '/tmp/test1-stderr---supervisor-IeyMlh.log', 'stop': 1444230075, 'statename': 'RUNNING', 'start': 1444230085, 'state': 20, 'stdout_logfile': '/tmp/test1-stdout---supervisor-miyWhD.log', 'logfile': '/tmp/test1-stdout---supervisor-miyWhD.log', 'exitstatus': 0, 'spawnerr': '', 'name': 'test1'}, {'now': 1444230096, 'group': 'test2', 'description': 'pid 27765, uptime 0:13:50', 'pid': 27765, 'stderr_logfile': '/tmp/test2-stderr---supervisor-47YBE9.log', 'stop': 0, 'statename': 'RUNNING', 'start': 1444229266, 'state': 20, 'stdout_logfile': '/tmp/test2-stdout---supervisor-OTZdjC.log', 'logfile': '/tmp/test2-stdout---supervisor-OTZdjC.log', 'exitstatus': 0, 'spawnerr': '', 'name': 'test2'}]
[Wed, 07 Oct 2015 23:01:36][DEBUG][localhost]-----------refresh rst end--------------
[Wed, 07 Oct 2015 23:01:36][INFO][localhost:process:test1] statecode: 20
[Wed, 07 Oct 2015 23:01:36][DEBUG][localhost2]-----------refresh rst begin------------
[Wed, 07 Oct 2015 23:01:36][DEBUG][localhost2] {'statename': 'RUNNING', 'statecode': 1}
[Wed, 07 Oct 2015 23:01:36][DEBUG][localhost2] [{'now': 1444230096, 'group': 'test1', 'description': 'pid 28773, uptime 0:00:11', 'pid': 28773, 'stderr_logfile': '/tmp/test1-stderr---supervisor-IeyMlh.log', 'stop': 1444230075, 'statename': 'RUNNING', 'start': 1444230085, 'state': 20, 'stdout_logfile': '/tmp/test1-stdout---supervisor-miyWhD.log', 'logfile': '/tmp/test1-stdout---supervisor-miyWhD.log', 'exitstatus': 0, 'spawnerr': '', 'name': 'test1'}, {'now': 1444230096, 'group': 'test2', 'description': 'pid 27765, uptime 0:13:50', 'pid': 27765, 'stderr_logfile': '/tmp/test2-stderr---supervisor-47YBE9.log', 'stop': 0, 'statename': 'RUNNING', 'start': 1444229266, 'state': 20, 'stdout_logfile': '/tmp/test2-stdout---supervisor-OTZdjC.log', 'logfile': '/tmp/test2-stdout---supervisor-OTZdjC.log', 'exitstatus': 0, 'spawnerr': '', 'name': 'test2'}]
[Wed, 07 Oct 2015 23:01:36][DEBUG][localhost2]-----------refresh rst end--------------
[Wed, 07 Oct 2015 23:01:36][INFO][localhost2:process:test1] statecode: 20
[Wed, 07 Oct 2015 23:01:36][WARNING][localhost-localhost2], test1 is running in master and slave,                     try to stop slave
[Wed, 07 Oct 2015 23:01:36][INFO][localhost2]stop_process: test1
[Wed, 07 Oct 2015 23:01:36][DEBUG][localhost2]-----------refresh rst begin------------
[Wed, 07 Oct 2015 23:01:36][DEBUG][localhost2] {'statename': 'RUNNING', 'statecode': 1}
[Wed, 07 Oct 2015 23:01:36][DEBUG][localhost2] [{'now': 1444230096, 'group': 'test1', 'description': 'Oct 07 11:01 PM', 'pid': 0, 'stderr_logfile': '/tmp/test1-stderr---supervisor-IeyMlh.log', 'stop': 1444230096, 'statename': 'STOPPED', 'start': 1444230085, 'state': 0, 'stdout_logfile': '/tmp/test1-stdout---supervisor-miyWhD.log', 'logfile': '/tmp/test1-stdout---supervisor-miyWhD.log', 'exitstatus': -1, 'spawnerr': '', 'name': 'test1'}, {'now': 1444230096, 'group': 'test2', 'description': 'pid 27765, uptime 0:13:50', 'pid': 27765, 'stderr_logfile': '/tmp/test2-stderr---supervisor-47YBE9.log', 'stop': 0, 'statename': 'RUNNING', 'start': 1444229266, 'state': 20, 'stdout_logfile': '/tmp/test2-stdout---supervisor-OTZdjC.log', 'logfile': '/tmp/test2-stdout---supervisor-OTZdjC.log', 'exitstatus': 0, 'spawnerr': '', 'name': 'test2'}]
[Wed, 07 Oct 2015 23:01:36][DEBUG][localhost2]-----------refresh rst end--------------
[Wed, 07 Oct 2015 23:01:46][DEBUG][localhost]-----------refresh rst begin------------
[Wed, 07 Oct 2015 23:01:46][DEBUG][localhost] {'statename': 'RUNNING', 'statecode': 1}
[Wed, 07 Oct 2015 23:01:46][DEBUG][localhost] [{'now': 1444230106, 'group': 'test1', 'description': 'Oct 07 11:01 PM', 'pid': 0, 'stderr_logfile': '/tmp/test1-stderr---supervisor-IeyMlh.log', 'stop': 1444230096, 'statename': 'STOPPED', 'start': 1444230085, 'state': 0, 'stdout_logfile': '/tmp/test1-stdout---supervisor-miyWhD.log', 'logfile': '/tmp/test1-stdout---supervisor-miyWhD.log', 'exitstatus': -1, 'spawnerr': '', 'name': 'test1'}, {'now': 1444230106, 'group': 'test2', 'description': 'pid 27765, uptime 0:14:00', 'pid': 27765, 'stderr_logfile': '/tmp/test2-stderr---supervisor-47YBE9.log', 'stop': 0, 'statename': 'RUNNING', 'start': 1444229266, 'state': 20, 'stdout_logfile': '/tmp/test2-stdout---supervisor-OTZdjC.log', 'logfile': '/tmp/test2-stdout---supervisor-OTZdjC.log', 'exitstatus': 0, 'spawnerr': '', 'name': 'test2'}]
[Wed, 07 Oct 2015 23:01:46][DEBUG][localhost]-----------refresh rst end--------------
[Wed, 07 Oct 2015 23:01:46][INFO][localhost:process:test1] statecode: 0
[Wed, 07 Oct 2015 23:01:46][DEBUG][localhost2]-----------refresh rst begin------------
[Wed, 07 Oct 2015 23:01:46][DEBUG][localhost2] {'statename': 'RUNNING', 'statecode': 1}
[Wed, 07 Oct 2015 23:01:46][DEBUG][localhost2] [{'now': 1444230106, 'group': 'test1', 'description': 'Oct 07 11:01 PM', 'pid': 0, 'stderr_logfile': '/tmp/test1-stderr---supervisor-IeyMlh.log', 'stop': 1444230096, 'statename': 'STOPPED', 'start': 1444230085, 'state': 0, 'stdout_logfile': '/tmp/test1-stdout---supervisor-miyWhD.log', 'logfile': '/tmp/test1-stdout---supervisor-miyWhD.log', 'exitstatus': -1, 'spawnerr': '', 'name': 'test1'}, {'now': 1444230106, 'group': 'test2', 'description': 'pid 27765, uptime 0:14:00', 'pid': 27765, 'stderr_logfile': '/tmp/test2-stderr---supervisor-47YBE9.log', 'stop': 0, 'statename': 'RUNNING', 'start': 1444229266, 'state': 20, 'stdout_logfile': '/tmp/test2-stdout---supervisor-OTZdjC.log', 'logfile': '/tmp/test2-stdout---supervisor-OTZdjC.log', 'exitstatus': 0, 'spawnerr': '', 'name': 'test2'}]
[Wed, 07 Oct 2015 23:01:46][DEBUG][localhost2]-----------refresh rst end--------------
[Wed, 07 Oct 2015 23:01:46][INFO][localhost2:process:test1] statecode: 0
[Wed, 07 Oct 2015 23:01:46][WARNING][localhost-localhost2], test1 is stoped in master and slave,                     try to start slave
[Wed, 07 Oct 2015 23:01:46][INFO][localhost2]start_process: test1
[Wed, 07 Oct 2015 23:01:47][DEBUG][localhost2]-----------refresh rst begin------------
[Wed, 07 Oct 2015 23:01:47][DEBUG][localhost2] {'statename': 'RUNNING', 'statecode': 1}
[Wed, 07 Oct 2015 23:01:47][DEBUG][localhost2] [{'now': 1444230107, 'group': 'test1', 'description': 'pid 28774, uptime 0:00:01', 'pid': 28774, 'stderr_logfile': '/tmp/test1-stderr---supervisor-IeyMlh.log', 'stop': 1444230096, 'statename': 'RUNNING', 'start': 1444230106, 'state': 20, 'stdout_logfile': '/tmp/test1-stdout---supervisor-miyWhD.log', 'logfile': '/tmp/test1-stdout---supervisor-miyWhD.log', 'exitstatus': 0, 'spawnerr': '', 'name': 'test1'}, {'now': 1444230107, 'group': 'test2', 'description': 'pid 27765, uptime 0:14:01', 'pid': 27765, 'stderr_logfile': '/tmp/test2-stderr---supervisor-47YBE9.log', 'stop': 0, 'statename': 'RUNNING', 'start': 1444229266, 'state': 20, 'stdout_logfile': '/tmp/test2-stdout---supervisor-OTZdjC.log', 'logfile': '/tmp/test2-stdout---supervisor-OTZdjC.log', 'exitstatus': 0, 'spawnerr': '', 'name': 'test2'}]
[Wed, 07 Oct 2015 23:01:47][DEBUG][localhost2]-----------refresh rst end--------------
[Wed, 07 Oct 2015 23:01:57][DEBUG][localhost]-----------refresh rst begin------------
[Wed, 07 Oct 2015 23:01:57][DEBUG][localhost] {'statename': 'RUNNING', 'statecode': 1}
[Wed, 07 Oct 2015 23:01:57][DEBUG][localhost] [{'now': 1444230117, 'group': 'test1', 'description': 'pid 28774, uptime 0:00:11', 'pid': 28774, 'stderr_logfile': '/tmp/test1-stderr---supervisor-IeyMlh.log', 'stop': 1444230096, 'statename': 'RUNNING', 'start': 1444230106, 'state': 20, 'stdout_logfile': '/tmp/test1-stdout---supervisor-miyWhD.log', 'logfile': '/tmp/test1-stdout---supervisor-miyWhD.log', 'exitstatus': 0, 'spawnerr': '', 'name': 'test1'}, {'now': 1444230117, 'group': 'test2', 'description': 'pid 27765, uptime 0:14:11', 'pid': 27765, 'stderr_logfile': '/tmp/test2-stderr---supervisor-47YBE9.log', 'stop': 0, 'statename': 'RUNNING', 'start': 1444229266, 'state': 20, 'stdout_logfile': '/tmp/test2-stdout---supervisor-OTZdjC.log', 'logfile': '/tmp/test2-stdout---supervisor-OTZdjC.log', 'exitstatus': 0, 'spawnerr': '', 'name': 'test2'}]
[Wed, 07 Oct 2015 23:01:57][DEBUG][localhost]-----------refresh rst end--------------
[Wed, 07 Oct 2015 23:01:57][INFO][localhost:process:test1] statecode: 20
[Wed, 07 Oct 2015 23:01:57][DEBUG][localhost2]-----------refresh rst begin------------
[Wed, 07 Oct 2015 23:01:57][DEBUG][localhost2] {'statename': 'RUNNING', 'statecode': 1}
[Wed, 07 Oct 2015 23:01:57][DEBUG][localhost2] [{'now': 1444230117, 'group': 'test1', 'description': 'pid 28774, uptime 0:00:11', 'pid': 28774, 'stderr_logfile': '/tmp/test1-stderr---supervisor-IeyMlh.log', 'stop': 1444230096, 'statename': 'RUNNING', 'start': 1444230106, 'state': 20, 'stdout_logfile': '/tmp/test1-stdout---supervisor-miyWhD.log', 'logfile': '/tmp/test1-stdout---supervisor-miyWhD.log', 'exitstatus': 0, 'spawnerr': '', 'name': 'test1'}, {'now': 1444230117, 'group': 'test2', 'description': 'pid 27765, uptime 0:14:11', 'pid': 27765, 'stderr_logfile': '/tmp/test2-stderr---supervisor-47YBE9.log', 'stop': 0, 'statename': 'RUNNING', 'start': 1444229266, 'state': 20, 'stdout_logfile': '/tmp/test2-stdout---supervisor-OTZdjC.log', 'logfile': '/tmp/test2-stdout---supervisor-OTZdjC.log', 'exitstatus': 0, 'spawnerr': '', 'name': 'test2'}]
[Wed, 07 Oct 2015 23:01:57][DEBUG][localhost2]-----------refresh rst end--------------
[Wed, 07 Oct 2015 23:01:57][INFO][localhost2:process:test1] statecode: 20
[Wed, 07 Oct 2015 23:01:57][WARNING][localhost-localhost2], test1 is running in master and slave,                     try to stop slave
[Wed, 07 Oct 2015 23:01:57][INFO][localhost2]stop_process: test1
[Wed, 07 Oct 2015 23:01:57][DEBUG][localhost2]-----------refresh rst begin------------
[Wed, 07 Oct 2015 23:01:57][DEBUG][localhost2] {'statename': 'RUNNING', 'statecode': 1}
[Wed, 07 Oct 2015 23:01:57][DEBUG][localhost2] [{'now': 1444230117, 'group': 'test1', 'description': 'Oct 07 11:01 PM', 'pid': 0, 'stderr_logfile': '/tmp/test1-stderr---supervisor-IeyMlh.log', 'stop': 1444230117, 'statename': 'STOPPED', 'start': 1444230106, 'state': 0, 'stdout_logfile': '/tmp/test1-stdout---supervisor-miyWhD.log', 'logfile': '/tmp/test1-stdout---supervisor-miyWhD.log', 'exitstatus': -1, 'spawnerr': '', 'name': 'test1'}, {'now': 1444230117, 'group': 'test2', 'description': 'pid 27765, uptime 0:14:11', 'pid': 27765, 'stderr_logfile': '/tmp/test2-stderr---supervisor-47YBE9.log', 'stop': 0, 'statename': 'RUNNING', 'start': 1444229266, 'state': 20, 'stdout_logfile': '/tmp/test2-stdout---supervisor-OTZdjC.log', 'logfile': '/tmp/test2-stdout---supervisor-OTZdjC.log', 'exitstatus': 0, 'spawnerr': '', 'name': 'test2'}]
[Wed, 07 Oct 2015 23:01:57][DEBUG][localhost2]-----------refresh rst end--------------
[Wed, 07 Oct 2015 23:02:07][DEBUG][localhost]-----------refresh rst begin------------
[Wed, 07 Oct 2015 23:02:07][DEBUG][localhost] {'statename': 'RUNNING', 'statecode': 1}
[Wed, 07 Oct 2015 23:02:07][DEBUG][localhost] [{'now': 1444230127, 'group': 'test1', 'description': 'Oct 07 11:01 PM', 'pid': 0, 'stderr_logfile': '/tmp/test1-stderr---supervisor-IeyMlh.log', 'stop': 1444230117, 'statename': 'STOPPED', 'start': 1444230106, 'state': 0, 'stdout_logfile': '/tmp/test1-stdout---supervisor-miyWhD.log', 'logfile': '/tmp/test1-stdout---supervisor-miyWhD.log', 'exitstatus': -1, 'spawnerr': '', 'name': 'test1'}, {'now': 1444230127, 'group': 'test2', 'description': 'pid 27765, uptime 0:14:21', 'pid': 27765, 'stderr_logfile': '/tmp/test2-stderr---supervisor-47YBE9.log', 'stop': 0, 'statename': 'RUNNING', 'start': 1444229266, 'state': 20, 'stdout_logfile': '/tmp/test2-stdout---supervisor-OTZdjC.log', 'logfile': '/tmp/test2-stdout---supervisor-OTZdjC.log', 'exitstatus': 0, 'spawnerr': '', 'name': 'test2'}]
[Wed, 07 Oct 2015 23:02:07][DEBUG][localhost]-----------refresh rst end--------------
[Wed, 07 Oct 2015 23:02:07][INFO][localhost:process:test1] statecode: 0
[Wed, 07 Oct 2015 23:02:07][DEBUG][localhost2]-----------refresh rst begin------------
[Wed, 07 Oct 2015 23:02:07][DEBUG][localhost2] {'statename': 'RUNNING', 'statecode': 1}
[Wed, 07 Oct 2015 23:02:07][DEBUG][localhost2] [{'now': 1444230127, 'group': 'test1', 'description': 'Oct 07 11:01 PM', 'pid': 0, 'stderr_logfile': '/tmp/test1-stderr---supervisor-IeyMlh.log', 'stop': 1444230117, 'statename': 'STOPPED', 'start': 1444230106, 'state': 0, 'stdout_logfile': '/tmp/test1-stdout---supervisor-miyWhD.log', 'logfile': '/tmp/test1-stdout---supervisor-miyWhD.log', 'exitstatus': -1, 'spawnerr': '', 'name': 'test1'}, {'now': 1444230127, 'group': 'test2', 'description': 'pid 27765, uptime 0:14:21', 'pid': 27765, 'stderr_logfile': '/tmp/test2-stderr---supervisor-47YBE9.log', 'stop': 0, 'statename': 'RUNNING', 'start': 1444229266, 'state': 20, 'stdout_logfile': '/tmp/test2-stdout---supervisor-OTZdjC.log', 'logfile': '/tmp/test2-stdout---supervisor-OTZdjC.log', 'exitstatus': 0, 'spawnerr': '', 'name': 'test2'}]
[Wed, 07 Oct 2015 23:02:07][DEBUG][localhost2]-----------refresh rst end--------------
[Wed, 07 Oct 2015 23:02:07][INFO][localhost2:process:test1] statecode: 0
[Wed, 07 Oct 2015 23:02:07][WARNING][localhost-localhost2], test1 is stoped in master and slave,                     try to start slave
[Wed, 07 Oct 2015 23:02:07][INFO][localhost2]start_process: test1
[Wed, 07 Oct 2015 23:02:08][DEBUG][localhost2]-----------refresh rst begin------------
[Wed, 07 Oct 2015 23:02:08][DEBUG][localhost2] {'statename': 'RUNNING', 'statecode': 1}
[Wed, 07 Oct 2015 23:02:08][DEBUG][localhost2] [{'now': 1444230128, 'group': 'test1', 'description': 'pid 28775, uptime 0:00:01', 'pid': 28775, 'stderr_logfile': '/tmp/test1-stderr---supervisor-IeyMlh.log', 'stop': 1444230117, 'statename': 'RUNNING', 'start': 1444230127, 'state': 20, 'stdout_logfile': '/tmp/test1-stdout---supervisor-miyWhD.log', 'logfile': '/tmp/test1-stdout---supervisor-miyWhD.log', 'exitstatus': 0, 'spawnerr': '', 'name': 'test1'}, {'now': 1444230128, 'group': 'test2', 'description': 'pid 27765, uptime 0:14:22', 'pid': 27765, 'stderr_logfile': '/tmp/test2-stderr---supervisor-47YBE9.log', 'stop': 0, 'statename': 'RUNNING', 'start': 1444229266, 'state': 20, 'stdout_logfile': '/tmp/test2-stdout---supervisor-OTZdjC.log', 'logfile': '/tmp/test2-stdout---supervisor-OTZdjC.log', 'exitstatus': 0, 'spawnerr': '', 'name': 'test2'}]
[Wed, 07 Oct 2015 23:02:08][DEBUG][localhost2]-----------refresh rst end--------------
[Wed, 07 Oct 2015 23:02:18][DEBUG][localhost]-----------refresh rst begin------------
[Wed, 07 Oct 2015 23:02:18][DEBUG][localhost] {'statename': 'RUNNING', 'statecode': 1}
[Wed, 07 Oct 2015 23:02:18][DEBUG][localhost] [{'now': 1444230138, 'group': 'test1', 'description': 'pid 28775, uptime 0:00:11', 'pid': 28775, 'stderr_logfile': '/tmp/test1-stderr---supervisor-IeyMlh.log', 'stop': 1444230117, 'statename': 'RUNNING', 'start': 1444230127, 'state': 20, 'stdout_logfile': '/tmp/test1-stdout---supervisor-miyWhD.log', 'logfile': '/tmp/test1-stdout---supervisor-miyWhD.log', 'exitstatus': 0, 'spawnerr': '', 'name': 'test1'}, {'now': 1444230138, 'group': 'test2', 'description': 'pid 27765, uptime 0:14:32', 'pid': 27765, 'stderr_logfile': '/tmp/test2-stderr---supervisor-47YBE9.log', 'stop': 0, 'statename': 'RUNNING', 'start': 1444229266, 'state': 20, 'stdout_logfile': '/tmp/test2-stdout---supervisor-OTZdjC.log', 'logfile': '/tmp/test2-stdout---supervisor-OTZdjC.log', 'exitstatus': 0, 'spawnerr': '', 'name': 'test2'}]
[Wed, 07 Oct 2015 23:02:18][DEBUG][localhost]-----------refresh rst end--------------
[Wed, 07 Oct 2015 23:02:18][INFO][localhost:process:test1] statecode: 20
[Wed, 07 Oct 2015 23:02:18][DEBUG][localhost2]-----------refresh rst begin------------
[Wed, 07 Oct 2015 23:02:18][DEBUG][localhost2] {'statename': 'RUNNING', 'statecode': 1}
[Wed, 07 Oct 2015 23:02:18][DEBUG][localhost2] [{'now': 1444230138, 'group': 'test1', 'description': 'pid 28775, uptime 0:00:11', 'pid': 28775, 'stderr_logfile': '/tmp/test1-stderr---supervisor-IeyMlh.log', 'stop': 1444230117, 'statename': 'RUNNING', 'start': 1444230127, 'state': 20, 'stdout_logfile': '/tmp/test1-stdout---supervisor-miyWhD.log', 'logfile': '/tmp/test1-stdout---supervisor-miyWhD.log', 'exitstatus': 0, 'spawnerr': '', 'name': 'test1'}, {'now': 1444230138, 'group': 'test2', 'description': 'pid 27765, uptime 0:14:32', 'pid': 27765, 'stderr_logfile': '/tmp/test2-stderr---supervisor-47YBE9.log', 'stop': 0, 'statename': 'RUNNING', 'start': 1444229266, 'state': 20, 'stdout_logfile': '/tmp/test2-stdout---supervisor-OTZdjC.log', 'logfile': '/tmp/test2-stdout---supervisor-OTZdjC.log', 'exitstatus': 0, 'spawnerr': '', 'name': 'test2'}]
[Wed, 07 Oct 2015 23:02:18][DEBUG][localhost2]-----------refresh rst end--------------
[Wed, 07 Oct 2015 23:02:18][INFO][localhost2:process:test1] statecode: 20
[Wed, 07 Oct 2015 23:02:18][WARNING][localhost-localhost2], test1 is running in master and slave,                     try to stop slave
[Wed, 07 Oct 2015 23:02:18][INFO][localhost2]stop_process: test1
[Wed, 07 Oct 2015 23:02:18][DEBUG][localhost2]-----------refresh rst begin------------
[Wed, 07 Oct 2015 23:02:18][DEBUG][localhost2] {'statename': 'RUNNING', 'statecode': 1}
[Wed, 07 Oct 2015 23:02:18][DEBUG][localhost2] [{'now': 1444230138, 'group': 'test1', 'description': 'Oct 07 11:02 PM', 'pid': 0, 'stderr_logfile': '/tmp/test1-stderr---supervisor-IeyMlh.log', 'stop': 1444230138, 'statename': 'STOPPED', 'start': 1444230127, 'state': 0, 'stdout_logfile': '/tmp/test1-stdout---supervisor-miyWhD.log', 'logfile': '/tmp/test1-stdout---supervisor-miyWhD.log', 'exitstatus': -1, 'spawnerr': '', 'name': 'test1'}, {'now': 1444230138, 'group': 'test2', 'description': 'pid 27765, uptime 0:14:32', 'pid': 27765, 'stderr_logfile': '/tmp/test2-stderr---supervisor-47YBE9.log', 'stop': 0, 'statename': 'RUNNING', 'start': 1444229266, 'state': 20, 'stdout_logfile': '/tmp/test2-stdout---supervisor-OTZdjC.log', 'logfile': '/tmp/test2-stdout---supervisor-OTZdjC.log', 'exitstatus': 0, 'spawnerr': '', 'name': 'test2'}]
[Wed, 07 Oct 2015 23:02:18][DEBUG][localhost2]-----------refresh rst end--------------
[Wed, 07 Oct 2015 23:02:28][DEBUG][localhost]-----------refresh rst begin------------
[Wed, 07 Oct 2015 23:02:28][DEBUG][localhost] {'statename': 'RUNNING', 'statecode': 1}
[Wed, 07 Oct 2015 23:02:28][DEBUG][localhost] [{'now': 1444230148, 'group': 'test1', 'description': 'Oct 07 11:02 PM', 'pid': 0, 'stderr_logfile': '/tmp/test1-stderr---supervisor-IeyMlh.log', 'stop': 1444230138, 'statename': 'STOPPED', 'start': 1444230127, 'state': 0, 'stdout_logfile': '/tmp/test1-stdout---supervisor-miyWhD.log', 'logfile': '/tmp/test1-stdout---supervisor-miyWhD.log', 'exitstatus': -1, 'spawnerr': '', 'name': 'test1'}, {'now': 1444230148, 'group': 'test2', 'description': 'pid 27765, uptime 0:14:42', 'pid': 27765, 'stderr_logfile': '/tmp/test2-stderr---supervisor-47YBE9.log', 'stop': 0, 'statename': 'RUNNING', 'start': 1444229266, 'state': 20, 'stdout_logfile': '/tmp/test2-stdout---supervisor-OTZdjC.log', 'logfile': '/tmp/test2-stdout---supervisor-OTZdjC.log', 'exitstatus': 0, 'spawnerr': '', 'name': 'test2'}]
[Wed, 07 Oct 2015 23:02:28][DEBUG][localhost]-----------refresh rst end--------------
[Wed, 07 Oct 2015 23:02:28][INFO][localhost:process:test1] statecode: 0
[Wed, 07 Oct 2015 23:02:28][DEBUG][localhost2]-----------refresh rst begin------------
[Wed, 07 Oct 2015 23:02:28][DEBUG][localhost2] {'statename': 'RUNNING', 'statecode': 1}
[Wed, 07 Oct 2015 23:02:28][DEBUG][localhost2] [{'now': 1444230148, 'group': 'test1', 'description': 'Oct 07 11:02 PM', 'pid': 0, 'stderr_logfile': '/tmp/test1-stderr---supervisor-IeyMlh.log', 'stop': 1444230138, 'statename': 'STOPPED', 'start': 1444230127, 'state': 0, 'stdout_logfile': '/tmp/test1-stdout---supervisor-miyWhD.log', 'logfile': '/tmp/test1-stdout---supervisor-miyWhD.log', 'exitstatus': -1, 'spawnerr': '', 'name': 'test1'}, {'now': 1444230148, 'group': 'test2', 'description': 'pid 27765, uptime 0:14:42', 'pid': 27765, 'stderr_logfile': '/tmp/test2-stderr---supervisor-47YBE9.log', 'stop': 0, 'statename': 'RUNNING', 'start': 1444229266, 'state': 20, 'stdout_logfile': '/tmp/test2-stdout---supervisor-OTZdjC.log', 'logfile': '/tmp/test2-stdout---supervisor-OTZdjC.log', 'exitstatus': 0, 'spawnerr': '', 'name': 'test2'}]
[Wed, 07 Oct 2015 23:02:28][DEBUG][localhost2]-----------refresh rst end--------------
[Wed, 07 Oct 2015 23:02:28][INFO][localhost2:process:test1] statecode: 0
[Wed, 07 Oct 2015 23:02:28][WARNING][localhost-localhost2], test1 is stoped in master and slave,                     try to start slave
[Wed, 07 Oct 2015 23:02:28][INFO][localhost2]start_process: test1
[Wed, 07 Oct 2015 23:02:29][DEBUG][localhost2]-----------refresh rst begin------------
[Wed, 07 Oct 2015 23:02:29][DEBUG][localhost2] {'statename': 'RUNNING', 'statecode': 1}
[Wed, 07 Oct 2015 23:02:29][DEBUG][localhost2] [{'now': 1444230149, 'group': 'test1', 'description': 'pid 28776, uptime 0:00:01', 'pid': 28776, 'stderr_logfile': '/tmp/test1-stderr---supervisor-IeyMlh.log', 'stop': 1444230138, 'statename': 'RUNNING', 'start': 1444230148, 'state': 20, 'stdout_logfile': '/tmp/test1-stdout---supervisor-miyWhD.log', 'logfile': '/tmp/test1-stdout---supervisor-miyWhD.log', 'exitstatus': 0, 'spawnerr': '', 'name': 'test1'}, {'now': 1444230149, 'group': 'test2', 'description': 'pid 27765, uptime 0:14:43', 'pid': 27765, 'stderr_logfile': '/tmp/test2-stderr---supervisor-47YBE9.log', 'stop': 0, 'statename': 'RUNNING', 'start': 1444229266, 'state': 20, 'stdout_logfile': '/tmp/test2-stdout---supervisor-OTZdjC.log', 'logfile': '/tmp/test2-stdout---supervisor-OTZdjC.log', 'exitstatus': 0, 'spawnerr': '', 'name': 'test2'}]
[Wed, 07 Oct 2015 23:02:29][DEBUG][localhost2]-----------refresh rst end--------------
[Wed, 07 Oct 2015 23:02:39][DEBUG][localhost]-----------refresh rst begin------------
[Wed, 07 Oct 2015 23:02:39][DEBUG][localhost] {'statename': 'RUNNING', 'statecode': 1}
[Wed, 07 Oct 2015 23:02:39][DEBUG][localhost] [{'now': 1444230159, 'group': 'test1', 'description': 'pid 28776, uptime 0:00:11', 'pid': 28776, 'stderr_logfile': '/tmp/test1-stderr---supervisor-IeyMlh.log', 'stop': 1444230138, 'statename': 'RUNNING', 'start': 1444230148, 'state': 20, 'stdout_logfile': '/tmp/test1-stdout---supervisor-miyWhD.log', 'logfile': '/tmp/test1-stdout---supervisor-miyWhD.log', 'exitstatus': 0, 'spawnerr': '', 'name': 'test1'}, {'now': 1444230159, 'group': 'test2', 'description': 'pid 27765, uptime 0:14:53', 'pid': 27765, 'stderr_logfile': '/tmp/test2-stderr---supervisor-47YBE9.log', 'stop': 0, 'statename': 'RUNNING', 'start': 1444229266, 'state': 20, 'stdout_logfile': '/tmp/test2-stdout---supervisor-OTZdjC.log', 'logfile': '/tmp/test2-stdout---supervisor-OTZdjC.log', 'exitstatus': 0, 'spawnerr': '', 'name': 'test2'}]
[Wed, 07 Oct 2015 23:02:39][DEBUG][localhost]-----------refresh rst end--------------
[Wed, 07 Oct 2015 23:02:39][INFO][localhost:process:test1] statecode: 20
[Wed, 07 Oct 2015 23:02:39][DEBUG][localhost2]-----------refresh rst begin------------
[Wed, 07 Oct 2015 23:02:39][DEBUG][localhost2] {'statename': 'RUNNING', 'statecode': 1}
[Wed, 07 Oct 2015 23:02:39][DEBUG][localhost2] [{'now': 1444230159, 'group': 'test1', 'description': 'pid 28776, uptime 0:00:11', 'pid': 28776, 'stderr_logfile': '/tmp/test1-stderr---supervisor-IeyMlh.log', 'stop': 1444230138, 'statename': 'RUNNING', 'start': 1444230148, 'state': 20, 'stdout_logfile': '/tmp/test1-stdout---supervisor-miyWhD.log', 'logfile': '/tmp/test1-stdout---supervisor-miyWhD.log', 'exitstatus': 0, 'spawnerr': '', 'name': 'test1'}, {'now': 1444230159, 'group': 'test2', 'description': 'pid 27765, uptime 0:14:53', 'pid': 27765, 'stderr_logfile': '/tmp/test2-stderr---supervisor-47YBE9.log', 'stop': 0, 'statename': 'RUNNING', 'start': 1444229266, 'state': 20, 'stdout_logfile': '/tmp/test2-stdout---supervisor-OTZdjC.log', 'logfile': '/tmp/test2-stdout---supervisor-OTZdjC.log', 'exitstatus': 0, 'spawnerr': '', 'name': 'test2'}]
[Wed, 07 Oct 2015 23:02:39][DEBUG][localhost2]-----------refresh rst end--------------
[Wed, 07 Oct 2015 23:02:39][INFO][localhost2:process:test1] statecode: 20
[Wed, 07 Oct 2015 23:02:39][WARNING][localhost-localhost2], test1 is running in master and slave,                     try to stop slave
[Wed, 07 Oct 2015 23:02:39][INFO][localhost2]stop_process: test1
[Wed, 07 Oct 2015 23:02:39][DEBUG][localhost2]-----------refresh rst begin------------
[Wed, 07 Oct 2015 23:02:39][DEBUG][localhost2] {'statename': 'RUNNING', 'statecode': 1}
[Wed, 07 Oct 2015 23:02:39][DEBUG][localhost2] [{'now': 1444230159, 'group': 'test1', 'description': 'Oct 07 11:02 PM', 'pid': 0, 'stderr_logfile': '/tmp/test1-stderr---supervisor-IeyMlh.log', 'stop': 1444230159, 'statename': 'STOPPED', 'start': 1444230148, 'state': 0, 'stdout_logfile': '/tmp/test1-stdout---supervisor-miyWhD.log', 'logfile': '/tmp/test1-stdout---supervisor-miyWhD.log', 'exitstatus': -1, 'spawnerr': '', 'name': 'test1'}, {'now': 1444230159, 'group': 'test2', 'description': 'pid 27765, uptime 0:14:53', 'pid': 27765, 'stderr_logfile': '/tmp/test2-stderr---supervisor-47YBE9.log', 'stop': 0, 'statename': 'RUNNING', 'start': 1444229266, 'state': 20, 'stdout_logfile': '/tmp/test2-stdout---supervisor-OTZdjC.log', 'logfile': '/tmp/test2-stdout---supervisor-OTZdjC.log', 'exitstatus': 0, 'spawnerr': '', 'name': 'test2'}]
[Wed, 07 Oct 2015 23:02:39][DEBUG][localhost2]-----------refresh rst end--------------
[Wed, 07 Oct 2015 23:02:49][DEBUG][localhost]-----------refresh rst begin------------
[Wed, 07 Oct 2015 23:02:49][DEBUG][localhost] {'statename': 'RUNNING', 'statecode': 1}
[Wed, 07 Oct 2015 23:02:49][DEBUG][localhost] [{'now': 1444230169, 'group': 'test1', 'description': 'Oct 07 11:02 PM', 'pid': 0, 'stderr_logfile': '/tmp/test1-stderr---supervisor-IeyMlh.log', 'stop': 1444230159, 'statename': 'STOPPED', 'start': 1444230148, 'state': 0, 'stdout_logfile': '/tmp/test1-stdout---supervisor-miyWhD.log', 'logfile': '/tmp/test1-stdout---supervisor-miyWhD.log', 'exitstatus': -1, 'spawnerr': '', 'name': 'test1'}, {'now': 1444230169, 'group': 'test2', 'description': 'pid 27765, uptime 0:15:03', 'pid': 27765, 'stderr_logfile': '/tmp/test2-stderr---supervisor-47YBE9.log', 'stop': 0, 'statename': 'RUNNING', 'start': 1444229266, 'state': 20, 'stdout_logfile': '/tmp/test2-stdout---supervisor-OTZdjC.log', 'logfile': '/tmp/test2-stdout---supervisor-OTZdjC.log', 'exitstatus': 0, 'spawnerr': '', 'name': 'test2'}]
[Wed, 07 Oct 2015 23:02:49][DEBUG][localhost]-----------refresh rst end--------------
[Wed, 07 Oct 2015 23:02:49][INFO][localhost:process:test1] statecode: 0
[Wed, 07 Oct 2015 23:02:49][DEBUG][localhost2]-----------refresh rst begin------------
[Wed, 07 Oct 2015 23:02:49][DEBUG][localhost2] {'statename': 'RUNNING', 'statecode': 1}
[Wed, 07 Oct 2015 23:02:49][DEBUG][localhost2] [{'now': 1444230169, 'group': 'test1', 'description': 'Oct 07 11:02 PM', 'pid': 0, 'stderr_logfile': '/tmp/test1-stderr---supervisor-IeyMlh.log', 'stop': 1444230159, 'statename': 'STOPPED', 'start': 1444230148, 'state': 0, 'stdout_logfile': '/tmp/test1-stdout---supervisor-miyWhD.log', 'logfile': '/tmp/test1-stdout---supervisor-miyWhD.log', 'exitstatus': -1, 'spawnerr': '', 'name': 'test1'}, {'now': 1444230169, 'group': 'test2', 'description': 'pid 27765, uptime 0:15:03', 'pid': 27765, 'stderr_logfile': '/tmp/test2-stderr---supervisor-47YBE9.log', 'stop': 0, 'statename': 'RUNNING', 'start': 1444229266, 'state': 20, 'stdout_logfile': '/tmp/test2-stdout---supervisor-OTZdjC.log', 'logfile': '/tmp/test2-stdout---supervisor-OTZdjC.log', 'exitstatus': 0, 'spawnerr': '', 'name': 'test2'}]
[Wed, 07 Oct 2015 23:02:49][DEBUG][localhost2]-----------refresh rst end--------------
[Wed, 07 Oct 2015 23:02:49][INFO][localhost2:process:test1] statecode: 0
[Wed, 07 Oct 2015 23:02:49][WARNING][localhost-localhost2], test1 is stoped in master and slave,                     try to start slave
[Wed, 07 Oct 2015 23:02:49][INFO][localhost2]start_process: test1
[Wed, 07 Oct 2015 23:02:50][DEBUG][localhost2]-----------refresh rst begin------------
[Wed, 07 Oct 2015 23:02:50][DEBUG][localhost2] {'statename': 'RUNNING', 'statecode': 1}
[Wed, 07 Oct 2015 23:02:50][DEBUG][localhost2] [{'now': 1444230170, 'group': 'test1', 'description': 'pid 28777, uptime 0:00:01', 'pid': 28777, 'stderr_logfile': '/tmp/test1-stderr---supervisor-IeyMlh.log', 'stop': 1444230159, 'statename': 'RUNNING', 'start': 1444230169, 'state': 20, 'stdout_logfile': '/tmp/test1-stdout---supervisor-miyWhD.log', 'logfile': '/tmp/test1-stdout---supervisor-miyWhD.log', 'exitstatus': 0, 'spawnerr': '', 'name': 'test1'}, {'now': 1444230170, 'group': 'test2', 'description': 'pid 27765, uptime 0:15:04', 'pid': 27765, 'stderr_logfile': '/tmp/test2-stderr---supervisor-47YBE9.log', 'stop': 0, 'statename': 'RUNNING', 'start': 1444229266, 'state': 20, 'stdout_logfile': '/tmp/test2-stdout---supervisor-OTZdjC.log', 'logfile': '/tmp/test2-stdout---supervisor-OTZdjC.log', 'exitstatus': 0, 'spawnerr': '', 'name': 'test2'}]
[Wed, 07 Oct 2015 23:02:50][DEBUG][localhost2]-----------refresh rst end--------------
[Wed, 07 Oct 2015 23:03:00][DEBUG][localhost]-----------refresh rst begin------------
[Wed, 07 Oct 2015 23:03:00][DEBUG][localhost] {'statename': 'RUNNING', 'statecode': 1}
[Wed, 07 Oct 2015 23:03:00][DEBUG][localhost] [{'now': 1444230180, 'group': 'test1', 'description': 'pid 28777, uptime 0:00:11', 'pid': 28777, 'stderr_logfile': '/tmp/test1-stderr---supervisor-IeyMlh.log', 'stop': 1444230159, 'statename': 'RUNNING', 'start': 1444230169, 'state': 20, 'stdout_logfile': '/tmp/test1-stdout---supervisor-miyWhD.log', 'logfile': '/tmp/test1-stdout---supervisor-miyWhD.log', 'exitstatus': 0, 'spawnerr': '', 'name': 'test1'}, {'now': 1444230180, 'group': 'test2', 'description': 'pid 27765, uptime 0:15:14', 'pid': 27765, 'stderr_logfile': '/tmp/test2-stderr---supervisor-47YBE9.log', 'stop': 0, 'statename': 'RUNNING', 'start': 1444229266, 'state': 20, 'stdout_logfile': '/tmp/test2-stdout---supervisor-OTZdjC.log', 'logfile': '/tmp/test2-stdout---supervisor-OTZdjC.log', 'exitstatus': 0, 'spawnerr': '', 'name': 'test2'}]
[Wed, 07 Oct 2015 23:03:00][DEBUG][localhost]-----------refresh rst end--------------
[Wed, 07 Oct 2015 23:03:00][INFO][localhost:process:test1] statecode: 20
[Wed, 07 Oct 2015 23:03:00][DEBUG][localhost2]-----------refresh rst begin------------
[Wed, 07 Oct 2015 23:03:00][DEBUG][localhost2] {'statename': 'RUNNING', 'statecode': 1}
[Wed, 07 Oct 2015 23:03:00][DEBUG][localhost2] [{'now': 1444230180, 'group': 'test1', 'description': 'pid 28777, uptime 0:00:11', 'pid': 28777, 'stderr_logfile': '/tmp/test1-stderr---supervisor-IeyMlh.log', 'stop': 1444230159, 'statename': 'RUNNING', 'start': 1444230169, 'state': 20, 'stdout_logfile': '/tmp/test1-stdout---supervisor-miyWhD.log', 'logfile': '/tmp/test1-stdout---supervisor-miyWhD.log', 'exitstatus': 0, 'spawnerr': '', 'name': 'test1'}, {'now': 1444230180, 'group': 'test2', 'description': 'pid 27765, uptime 0:15:14', 'pid': 27765, 'stderr_logfile': '/tmp/test2-stderr---supervisor-47YBE9.log', 'stop': 0, 'statename': 'RUNNING', 'start': 1444229266, 'state': 20, 'stdout_logfile': '/tmp/test2-stdout---supervisor-OTZdjC.log', 'logfile': '/tmp/test2-stdout---supervisor-OTZdjC.log', 'exitstatus': 0, 'spawnerr': '', 'name': 'test2'}]
[Wed, 07 Oct 2015 23:03:00][DEBUG][localhost2]-----------refresh rst end--------------
[Wed, 07 Oct 2015 23:03:00][INFO][localhost2:process:test1] statecode: 20
[Wed, 07 Oct 2015 23:03:00][WARNING][localhost-localhost2], test1 is running in master and slave,                     try to stop slave
[Wed, 07 Oct 2015 23:03:00][INFO][localhost2]stop_process: test1
[Wed, 07 Oct 2015 23:03:00][DEBUG][localhost2]-----------refresh rst begin------------
[Wed, 07 Oct 2015 23:03:00][DEBUG][localhost2] {'statename': 'RUNNING', 'statecode': 1}
[Wed, 07 Oct 2015 23:03:00][DEBUG][localhost2] [{'now': 1444230180, 'group': 'test1', 'description': 'Oct 07 11:03 PM', 'pid': 0, 'stderr_logfile': '/tmp/test1-stderr---supervisor-IeyMlh.log', 'stop': 1444230180, 'statename': 'STOPPED', 'start': 1444230169, 'state': 0, 'stdout_logfile': '/tmp/test1-stdout---supervisor-miyWhD.log', 'logfile': '/tmp/test1-stdout---supervisor-miyWhD.log', 'exitstatus': -1, 'spawnerr': '', 'name': 'test1'}, {'now': 1444230180, 'group': 'test2', 'description': 'pid 27765, uptime 0:15:14', 'pid': 27765, 'stderr_logfile': '/tmp/test2-stderr---supervisor-47YBE9.log', 'stop': 0, 'statename': 'RUNNING', 'start': 1444229266, 'state': 20, 'stdout_logfile': '/tmp/test2-stdout---supervisor-OTZdjC.log', 'logfile': '/tmp/test2-stdout---supervisor-OTZdjC.log', 'exitstatus': 0, 'spawnerr': '', 'name': 'test2'}]
[Wed, 07 Oct 2015 23:03:00][DEBUG][localhost2]-----------refresh rst end--------------
[Wed, 07 Oct 2015 23:03:10][DEBUG][localhost]-----------refresh rst begin------------
[Wed, 07 Oct 2015 23:03:10][DEBUG][localhost] {'statename': 'RUNNING', 'statecode': 1}
[Wed, 07 Oct 2015 23:03:10][DEBUG][localhost] [{'now': 1444230190, 'group': 'test1', 'description': 'Oct 07 11:03 PM', 'pid': 0, 'stderr_logfile': '/tmp/test1-stderr---supervisor-IeyMlh.log', 'stop': 1444230180, 'statename': 'STOPPED', 'start': 1444230169, 'state': 0, 'stdout_logfile': '/tmp/test1-stdout---supervisor-miyWhD.log', 'logfile': '/tmp/test1-stdout---supervisor-miyWhD.log', 'exitstatus': -1, 'spawnerr': '', 'name': 'test1'}, {'now': 1444230190, 'group': 'test2', 'description': 'pid 27765, uptime 0:15:24', 'pid': 27765, 'stderr_logfile': '/tmp/test2-stderr---supervisor-47YBE9.log', 'stop': 0, 'statename': 'RUNNING', 'start': 1444229266, 'state': 20, 'stdout_logfile': '/tmp/test2-stdout---supervisor-OTZdjC.log', 'logfile': '/tmp/test2-stdout---supervisor-OTZdjC.log', 'exitstatus': 0, 'spawnerr': '', 'name': 'test2'}]
[Wed, 07 Oct 2015 23:03:10][DEBUG][localhost]-----------refresh rst end--------------
[Wed, 07 Oct 2015 23:03:10][INFO][localhost:process:test1] statecode: 0
[Wed, 07 Oct 2015 23:03:10][DEBUG][localhost2]-----------refresh rst begin------------
[Wed, 07 Oct 2015 23:03:10][DEBUG][localhost2] {'statename': 'RUNNING', 'statecode': 1}
[Wed, 07 Oct 2015 23:03:10][DEBUG][localhost2] [{'now': 1444230190, 'group': 'test1', 'description': 'Oct 07 11:03 PM', 'pid': 0, 'stderr_logfile': '/tmp/test1-stderr---supervisor-IeyMlh.log', 'stop': 1444230180, 'statename': 'STOPPED', 'start': 1444230169, 'state': 0, 'stdout_logfile': '/tmp/test1-stdout---supervisor-miyWhD.log', 'logfile': '/tmp/test1-stdout---supervisor-miyWhD.log', 'exitstatus': -1, 'spawnerr': '', 'name': 'test1'}, {'now': 1444230190, 'group': 'test2', 'description': 'pid 27765, uptime 0:15:24', 'pid': 27765, 'stderr_logfile': '/tmp/test2-stderr---supervisor-47YBE9.log', 'stop': 0, 'statename': 'RUNNING', 'start': 1444229266, 'state': 20, 'stdout_logfile': '/tmp/test2-stdout---supervisor-OTZdjC.log', 'logfile': '/tmp/test2-stdout---supervisor-OTZdjC.log', 'exitstatus': 0, 'spawnerr': '', 'name': 'test2'}]
[Wed, 07 Oct 2015 23:03:10][DEBUG][localhost2]-----------refresh rst end--------------
[Wed, 07 Oct 2015 23:03:10][INFO][localhost2:process:test1] statecode: 0
[Wed, 07 Oct 2015 23:03:10][WARNING][localhost-localhost2], test1 is stoped in master and slave,                     try to start slave
[Wed, 07 Oct 2015 23:03:10][INFO][localhost2]start_process: test1
[Wed, 07 Oct 2015 23:03:11][DEBUG][localhost2]-----------refresh rst begin------------
[Wed, 07 Oct 2015 23:03:11][DEBUG][localhost2] {'statename': 'RUNNING', 'statecode': 1}
[Wed, 07 Oct 2015 23:03:11][DEBUG][localhost2] [{'now': 1444230191, 'group': 'test1', 'description': 'pid 28778, uptime 0:00:01', 'pid': 28778, 'stderr_logfile': '/tmp/test1-stderr---supervisor-IeyMlh.log', 'stop': 1444230180, 'statename': 'RUNNING', 'start': 1444230190, 'state': 20, 'stdout_logfile': '/tmp/test1-stdout---supervisor-miyWhD.log', 'logfile': '/tmp/test1-stdout---supervisor-miyWhD.log', 'exitstatus': 0, 'spawnerr': '', 'name': 'test1'}, {'now': 1444230191, 'group': 'test2', 'description': 'pid 27765, uptime 0:15:25', 'pid': 27765, 'stderr_logfile': '/tmp/test2-stderr---supervisor-47YBE9.log', 'stop': 0, 'statename': 'RUNNING', 'start': 1444229266, 'state': 20, 'stdout_logfile': '/tmp/test2-stdout---supervisor-OTZdjC.log', 'logfile': '/tmp/test2-stdout---supervisor-OTZdjC.log', 'exitstatus': 0, 'spawnerr': '', 'name': 'test2'}]
[Wed, 07 Oct 2015 23:03:11][DEBUG][localhost2]-----------refresh rst end--------------
[Wed, 07 Oct 2015 23:03:21][DEBUG][localhost]-----------refresh rst begin------------
[Wed, 07 Oct 2015 23:03:21][DEBUG][localhost] {'statename': 'RUNNING', 'statecode': 1}
[Wed, 07 Oct 2015 23:03:21][DEBUG][localhost] [{'now': 1444230201, 'group': 'test1', 'description': 'pid 28778, uptime 0:00:11', 'pid': 28778, 'stderr_logfile': '/tmp/test1-stderr---supervisor-IeyMlh.log', 'stop': 1444230180, 'statename': 'RUNNING', 'start': 1444230190, 'state': 20, 'stdout_logfile': '/tmp/test1-stdout---supervisor-miyWhD.log', 'logfile': '/tmp/test1-stdout---supervisor-miyWhD.log', 'exitstatus': 0, 'spawnerr': '', 'name': 'test1'}, {'now': 1444230201, 'group': 'test2', 'description': 'pid 27765, uptime 0:15:35', 'pid': 27765, 'stderr_logfile': '/tmp/test2-stderr---supervisor-47YBE9.log', 'stop': 0, 'statename': 'RUNNING', 'start': 1444229266, 'state': 20, 'stdout_logfile': '/tmp/test2-stdout---supervisor-OTZdjC.log', 'logfile': '/tmp/test2-stdout---supervisor-OTZdjC.log', 'exitstatus': 0, 'spawnerr': '', 'name': 'test2'}]
[Wed, 07 Oct 2015 23:03:21][DEBUG][localhost]-----------refresh rst end--------------
[Wed, 07 Oct 2015 23:03:21][INFO][localhost:process:test1] statecode: 20
[Wed, 07 Oct 2015 23:03:21][DEBUG][localhost2]-----------refresh rst begin------------
[Wed, 07 Oct 2015 23:03:21][DEBUG][localhost2] {'statename': 'RUNNING', 'statecode': 1}
[Wed, 07 Oct 2015 23:03:21][DEBUG][localhost2] [{'now': 1444230201, 'group': 'test1', 'description': 'pid 28778, uptime 0:00:11', 'pid': 28778, 'stderr_logfile': '/tmp/test1-stderr---supervisor-IeyMlh.log', 'stop': 1444230180, 'statename': 'RUNNING', 'start': 1444230190, 'state': 20, 'stdout_logfile': '/tmp/test1-stdout---supervisor-miyWhD.log', 'logfile': '/tmp/test1-stdout---supervisor-miyWhD.log', 'exitstatus': 0, 'spawnerr': '', 'name': 'test1'}, {'now': 1444230201, 'group': 'test2', 'description': 'pid 27765, uptime 0:15:35', 'pid': 27765, 'stderr_logfile': '/tmp/test2-stderr---supervisor-47YBE9.log', 'stop': 0, 'statename': 'RUNNING', 'start': 1444229266, 'state': 20, 'stdout_logfile': '/tmp/test2-stdout---supervisor-OTZdjC.log', 'logfile': '/tmp/test2-stdout---supervisor-OTZdjC.log', 'exitstatus': 0, 'spawnerr': '', 'name': 'test2'}]
[Wed, 07 Oct 2015 23:03:21][DEBUG][localhost2]-----------refresh rst end--------------
[Wed, 07 Oct 2015 23:03:21][INFO][localhost2:process:test1] statecode: 20
[Wed, 07 Oct 2015 23:03:21][WARNING][localhost-localhost2], test1 is running in master and slave,                     try to stop slave
[Wed, 07 Oct 2015 23:03:21][INFO][localhost2]stop_process: test1
[Wed, 07 Oct 2015 23:03:21][DEBUG][localhost2]-----------refresh rst begin------------
[Wed, 07 Oct 2015 23:03:21][DEBUG][localhost2] {'statename': 'RUNNING', 'statecode': 1}
[Wed, 07 Oct 2015 23:03:21][DEBUG][localhost2] [{'now': 1444230201, 'group': 'test1', 'description': 'Oct 07 11:03 PM', 'pid': 0, 'stderr_logfile': '/tmp/test1-stderr---supervisor-IeyMlh.log', 'stop': 1444230201, 'statename': 'STOPPED', 'start': 1444230190, 'state': 0, 'stdout_logfile': '/tmp/test1-stdout---supervisor-miyWhD.log', 'logfile': '/tmp/test1-stdout---supervisor-miyWhD.log', 'exitstatus': -1, 'spawnerr': '', 'name': 'test1'}, {'now': 1444230201, 'group': 'test2', 'description': 'pid 27765, uptime 0:15:35', 'pid': 27765, 'stderr_logfile': '/tmp/test2-stderr---supervisor-47YBE9.log', 'stop': 0, 'statename': 'RUNNING', 'start': 1444229266, 'state': 20, 'stdout_logfile': '/tmp/test2-stdout---supervisor-OTZdjC.log', 'logfile': '/tmp/test2-stdout---supervisor-OTZdjC.log', 'exitstatus': 0, 'spawnerr': '', 'name': 'test2'}]
[Wed, 07 Oct 2015 23:03:21][DEBUG][localhost2]-----------refresh rst end--------------
